[debug] [2022-09-16T09:08:39.044Z] ----------------------------------------------------------------------
[debug] [2022-09-16T09:08:39.046Z] Command:       C:\Program Files\nodejs\node.exe C:\Users\svenn.CARSNO\AppData\Roaming\npm\node_modules\firebase-tools\lib\bin\firebase.js init
[debug] [2022-09-16T09:08:39.047Z] CLI Version:   11.9.0
[debug] [2022-09-16T09:08:39.047Z] Platform:      win32
[debug] [2022-09-16T09:08:39.047Z] Node Version:  v16.17.0
[debug] [2022-09-16T09:08:39.048Z] Time:          Fri Sep 16 2022 11:08:39 GMT+0200 (sentraleuropeisk sommertid)
[debug] [2022-09-16T09:08:39.049Z] ----------------------------------------------------------------------
[debug] 
[debug] [2022-09-16T09:08:39.064Z] > command requires scopes: ["email","openid","https://www.googleapis.com/auth/cloudplatformprojects.readonly","https://www.googleapis.com/auth/firebase","https://www.googleapis.com/auth/cloud-platform"]
[debug] [2022-09-16T09:08:39.065Z] > authorizing via signed-in user (svenn@cars.no)
[info] 
     ######## #### ########  ######## ########     ###     ######  ########
     ##        ##  ##     ## ##       ##     ##  ##   ##  ##       ##
     ######    ##  ########  ######   ########  #########  ######  ######
     ##        ##  ##    ##  ##       ##     ## ##     ##       ## ##
     ##       #### ##     ## ######## ########  ##     ##  ######  ########

You're about to initialize a Firebase project in this directory:

  C:\Users\svenn.CARSNO\Documents\Github_Priv\Arkitekt

[info] 
=== Project Setup
[info] 
[info] First, let's associate this project directory with a Firebase project.
[info] You can create multiple project aliases by running firebase use --add, 
[info] but for now we'll just set up a default project.
[info] 
[info] i  If you want to create a project in a Google Cloud organization or folder, please use "firebase projects:create" instead, and return to this command when you've created the project. 
[debug] [2022-09-16T09:09:15.868Z] ----------------------------------------------------------------------
[debug] [2022-09-16T09:09:15.870Z] Command:       C:\Program Files\nodejs\node.exe C:\Users\svenn.CARSNO\AppData\Roaming\npm\node_modules\firebase-tools\lib\bin\firebase.js init
[debug] [2022-09-16T09:09:15.871Z] CLI Version:   11.9.0
[debug] [2022-09-16T09:09:15.871Z] Platform:      win32
[debug] [2022-09-16T09:09:15.871Z] Node Version:  v16.17.0
[debug] [2022-09-16T09:09:15.872Z] Time:          Fri Sep 16 2022 11:09:15 GMT+0200 (sentraleuropeisk sommertid)
[debug] [2022-09-16T09:09:15.873Z] ----------------------------------------------------------------------
[debug] 
[debug] [2022-09-16T09:09:15.881Z] > command requires scopes: ["email","openid","https://www.googleapis.com/auth/cloudplatformprojects.readonly","https://www.googleapis.com/auth/firebase","https://www.googleapis.com/auth/cloud-platform"]
[debug] [2022-09-16T09:09:15.881Z] > authorizing via signed-in user (svenn@cars.no)
[info] 
     ######## #### ########  ######## ########     ###     ######  ########
     ##        ##  ##     ## ##       ##     ##  ##   ##  ##       ##
     ######    ##  ########  ######   ########  #########  ######  ######
     ##        ##  ##    ##  ##       ##     ## ##     ##       ## ##
     ##       #### ##     ## ######## ########  ##     ##  ######  ########

You're about to initialize a Firebase project in this directory:

  C:\Users\svenn.CARSNO\Documents\Github_Priv\Arkitekt

[info] 
=== Project Setup
[info] 
[info] First, let's associate this project directory with a Firebase project.
[info] You can create multiple project aliases by running firebase use --add, 
[info] but for now we'll just set up a default project.
[info] 
[debug] [2022-09-16T09:09:23.834Z] > refreshing access token with scopes: []
[debug] [2022-09-16T09:09:23.837Z] >>> [apiv2][query] POST https://www.googleapis.com/oauth2/v3/token [none]
[debug] [2022-09-16T09:09:23.837Z] >>> [apiv2][body] POST https://www.googleapis.com/oauth2/v3/token [omitted]
[debug] [2022-09-16T09:09:23.950Z] <<< [apiv2][status] POST https://www.googleapis.com/oauth2/v3/token 200
[debug] [2022-09-16T09:09:23.950Z] <<< [apiv2][body] POST https://www.googleapis.com/oauth2/v3/token [omitted]
[debug] [2022-09-16T09:09:23.965Z] >>> [apiv2][query] GET https://firebase.googleapis.com/v1beta1/projects pageSize=100
[debug] [2022-09-16T09:09:24.499Z] <<< [apiv2][status] GET https://firebase.googleapis.com/v1beta1/projects 200
[debug] [2022-09-16T09:09:24.499Z] <<< [apiv2][body] GET https://firebase.googleapis.com/v1beta1/projects [omitted]
